2026-01-13 17:23:21 | [32mINFO[0m | GoogleSTTConfigManager | info:113 | ä½¿ç”¨é è¨­é…ç½®
2026-01-13 17:23:21 | [32mINFO[0m | GoogleSTTConfigManager | info:113 | ä½¿ç”¨æŒ‡å®šå€åŸŸ: us
2026-01-13 17:23:21 | [32mINFO[0m | GoogleSTTConfigManager | info:113 | âœ… é…ç½®å®Œæˆ: æ¨¡å‹=chirp_3, å€åŸŸ=us, ç«¯é»=us-speech.googleapis.com
2026-01-14 10:51:51 | [32mINFO[0m | GoogleSTTConfigManager | info:113 | ä½¿ç”¨é è¨­é…ç½®
2026-01-14 10:51:51 | [32mINFO[0m | GoogleSTTConfigManager | info:113 | ä½¿ç”¨ä¸»è¦å€åŸŸ: us
2026-01-14 10:51:51 | [32mINFO[0m | GoogleSTTConfigManager | info:113 | âœ… é…ç½®å®Œæˆ: æ¨¡å‹=chirp_3, å€åŸŸ=us, ç«¯é»=us-speech.googleapis.com
2026-01-14 10:53:56 | [32mINFO[0m | GoogleSTTConfigManager | info:113 | ä½¿ç”¨é è¨­é…ç½®
2026-01-14 10:53:56 | [32mINFO[0m | GoogleSTTConfigManager | info:113 | ä½¿ç”¨ä¸»è¦å€åŸŸ: us
2026-01-14 10:53:56 | [32mINFO[0m | GoogleSTTConfigManager | info:113 | âœ… é…ç½®å®Œæˆ: æ¨¡å‹=chirp_3, å€åŸŸ=us, ç«¯é»=us-speech.googleapis.com
2026-01-14 11:14:08 | [32mINFO[0m | GoogleSTTConfigManager | info:113 | ä½¿ç”¨é è¨­é…ç½®
2026-01-14 11:14:08 | [32mINFO[0m | GoogleSTTConfigManager | info:113 | ä½¿ç”¨æŒ‡å®šå€åŸŸ: us
2026-01-14 11:14:08 | [32mINFO[0m | GoogleSTTConfigManager | info:113 | âœ… é…ç½®å®Œæˆ: æ¨¡å‹=chirp_3, å€åŸŸ=us, ç«¯é»=us-speech.googleapis.com
2026-01-14 11:53:51 | [32mINFO[0m | GoogleSTTConfigManager | info:113 | ä½¿ç”¨é è¨­é…ç½®
2026-01-14 11:53:51 | [32mINFO[0m | GoogleSTTConfigManager | info:113 | ä½¿ç”¨æŒ‡å®šå€åŸŸ: us
2026-01-14 11:53:51 | [32mINFO[0m | GoogleSTTConfigManager | info:113 | âœ… é…ç½®å®Œæˆ: æ¨¡å‹=chirp_3, å€åŸŸ=us, ç«¯é»=us-speech.googleapis.com
2026-01-14 11:53:51 | [32mINFO[0m | GoogleSTTConfigManager | info:113 | ä½¿ç”¨é è¨­é…ç½®
2026-01-14 11:53:51 | [32mINFO[0m | GoogleSTTConfigManager | info:113 | ä½¿ç”¨æŒ‡å®šå€åŸŸ: us-central1
2026-01-14 11:53:51 | [32mINFO[0m | GoogleSTTConfigManager | info:113 | âœ… é…ç½®å®Œæˆ: æ¨¡å‹=chirp_3, å€åŸŸ=us-central1, ç«¯é»=us-central1-speech.googleapis.com
2026-01-14 11:53:51 | [32mINFO[0m | GoogleSTTConfigManager | info:113 | ä½¿ç”¨é è¨­é…ç½®
2026-01-14 11:53:51 | [32mINFO[0m | GoogleSTTConfigManager | info:113 | ä½¿ç”¨æŒ‡å®šå€åŸŸ: us-central1
2026-01-14 11:53:51 | [32mINFO[0m | GoogleSTTConfigManager | info:113 | âœ… é…ç½®å®Œæˆ: æ¨¡å‹=chirp_2, å€åŸŸ=us-central1, ç«¯é»=us-central1-speech.googleapis.com
2026-01-14 11:53:51 | [32mINFO[0m | GoogleSTTConfigManager | info:113 | ä½¿ç”¨é è¨­é…ç½®
2026-01-14 11:53:51 | [32mINFO[0m | GoogleSTTConfigManager | info:113 | ä½¿ç”¨æŒ‡å®šå€åŸŸ: us-central1
2026-01-14 11:53:51 | [32mINFO[0m | GoogleSTTConfigManager | info:113 | âœ… é…ç½®å®Œæˆ: æ¨¡å‹=latest_long, å€åŸŸ=us-central1, ç«¯é»=us-central1-speech.googleapis.com
2026-01-14 11:53:51 | [32mINFO[0m | GoogleSTTConfigManager | info:113 | ä½¿ç”¨é è¨­é…ç½®
2026-01-14 11:53:51 | [32mINFO[0m | GoogleSTTConfigManager | info:113 | ä½¿ç”¨æŒ‡å®šå€åŸŸ: us
2026-01-14 11:53:51 | [32mINFO[0m | GoogleSTTConfigManager | info:113 | âœ… é…ç½®å®Œæˆ: æ¨¡å‹=chirp_3, å€åŸŸ=us, ç«¯é»=us-speech.googleapis.com
2026-01-14 11:53:55 | [32mINFO[0m | GoogleSTTConfigManager | info:113 | ä½¿ç”¨é è¨­é…ç½®
2026-01-14 11:53:55 | [32mINFO[0m | GoogleSTTConfigManager | info:113 | ä½¿ç”¨æŒ‡å®šå€åŸŸ: us-central1
2026-01-14 11:53:55 | [32mINFO[0m | GoogleSTTConfigManager | info:113 | âœ… é…ç½®å®Œæˆ: æ¨¡å‹=chirp_3, å€åŸŸ=us-central1, ç«¯é»=us-central1-speech.googleapis.com
2026-01-14 11:57:27 | [32mINFO[0m | GoogleSTTConfigManager | info:113 | ä½¿ç”¨é è¨­é…ç½®
2026-01-14 11:57:27 | [32mINFO[0m | GoogleSTTConfigManager | info:113 | ä½¿ç”¨ä¸»è¦å€åŸŸ: us
2026-01-14 11:57:27 | [32mINFO[0m | GoogleSTTConfigManager | info:113 | âœ… é…ç½®å®Œæˆ: æ¨¡å‹=chirp_3, å€åŸŸ=us, ç«¯é»=us-speech.googleapis.com
2026-01-14 13:13:55 | [32mINFO[0m | GoogleSTTConfigManager | info:113 | ä½¿ç”¨é è¨­é…ç½®
2026-01-14 13:13:55 | [32mINFO[0m | GoogleSTTConfigManager | info:113 | ä½¿ç”¨æŒ‡å®šå€åŸŸ: us
2026-01-14 13:13:55 | [32mINFO[0m | GoogleSTTConfigManager | info:113 | âœ… é…ç½®å®Œæˆ: æ¨¡å‹=chirp_3, å€åŸŸ=us, ç«¯é»=us-speech.googleapis.com
2026-01-14 13:18:08 | [32mINFO[0m | GoogleSTTConfigManager | info:113 | ä½¿ç”¨é è¨­é…ç½®
2026-01-14 13:18:08 | [32mINFO[0m | GoogleSTTConfigManager | info:113 | ä½¿ç”¨æŒ‡å®šå€åŸŸ: us
2026-01-14 13:18:08 | [32mINFO[0m | GoogleSTTConfigManager | info:113 | âœ… é…ç½®å®Œæˆ: æ¨¡å‹=chirp_3, å€åŸŸ=us, ç«¯é»=us-speech.googleapis.com
2026-01-14 13:29:26 | [32mINFO[0m | GoogleSTTConfigManager | info:113 | ä½¿ç”¨é è¨­é…ç½®
2026-01-14 13:29:26 | [32mINFO[0m | GoogleSTTConfigManager | info:113 | ä½¿ç”¨æŒ‡å®šå€åŸŸ: us-central1
2026-01-14 13:29:26 | [32mINFO[0m | GoogleSTTConfigManager | info:113 | âœ… é…ç½®å®Œæˆ: æ¨¡å‹=chirp_2, å€åŸŸ=us-central1, ç«¯é»=us-central1-speech.googleapis.com
2026-01-14 13:47:31 | [32mINFO[0m | GoogleSTTConfigManager | info:113 | ä½¿ç”¨é è¨­é…ç½®
2026-01-14 13:47:31 | [32mINFO[0m | GoogleSTTConfigManager | info:113 | ä½¿ç”¨ä¸»è¦å€åŸŸ: us
2026-01-14 13:47:31 | [32mINFO[0m | GoogleSTTConfigManager | info:113 | âœ… é…ç½®å®Œæˆ: æ¨¡å‹=chirp_2, å€åŸŸ=us, ç«¯é»=us-speech.googleapis.com
2026-01-14 13:53:37 | [32mINFO[0m | GoogleSTTConfigManager | info:113 | ä½¿ç”¨é è¨­é…ç½®
2026-01-14 13:53:37 | [32mINFO[0m | GoogleSTTConfigManager | info:113 | ä½¿ç”¨æŒ‡å®šå€åŸŸ: asia-southeast1
2026-01-14 13:53:37 | [32mINFO[0m | GoogleSTTConfigManager | info:113 | âœ… é…ç½®å®Œæˆ: æ¨¡å‹=chirp_3, å€åŸŸ=asia-southeast1, ç«¯é»=asia-southeast1-speech.googleapis.com
2026-01-14 13:56:09 | [32mINFO[0m | GoogleSTTConfigManager | info:113 | ä½¿ç”¨é è¨­é…ç½®
2026-01-14 13:56:09 | [32mINFO[0m | GoogleSTTConfigManager | info:113 | ä½¿ç”¨æŒ‡å®šå€åŸŸ: asia-northeast1
2026-01-14 13:56:09 | [32mINFO[0m | GoogleSTTConfigManager | info:113 | âœ… é…ç½®å®Œæˆ: æ¨¡å‹=chirp_3, å€åŸŸ=asia-northeast1, ç«¯é»=asia-northeast1-speech.googleapis.com
2026-01-14 14:07:14 | [32mINFO[0m | GoogleSTTConfigManager | info:113 | ä½¿ç”¨é è¨­é…ç½®
2026-01-14 14:07:14 | [32mINFO[0m | GoogleSTTConfigManager | info:113 | ä½¿ç”¨ä¸»è¦å€åŸŸ: us
2026-01-14 14:07:14 | [32mINFO[0m | GoogleSTTConfigManager | info:113 | âœ… é…ç½®å®Œæˆ: æ¨¡å‹=chirp_2, å€åŸŸ=us, ç«¯é»=us-speech.googleapis.com
2026-01-14 14:12:51 | [32mINFO[0m | GoogleSTTConfigManager | info:113 | ä½¿ç”¨é è¨­é…ç½®
2026-01-14 14:12:51 | [32mINFO[0m | GoogleSTTConfigManager | info:113 | ä½¿ç”¨æŒ‡å®šå€åŸŸ: asia-southeast1
2026-01-14 14:12:51 | [32mINFO[0m | GoogleSTTConfigManager | info:113 | âœ… é…ç½®å®Œæˆ: æ¨¡å‹=chirp_2, å€åŸŸ=asia-southeast1, ç«¯é»=asia-southeast1-speech.googleapis.com
2026-01-14 14:22:43 | [32mINFO[0m | GoogleSTTConfigManager | info:113 | ä½¿ç”¨é è¨­é…ç½®
2026-01-14 14:22:43 | [32mINFO[0m | GoogleSTTConfigManager | info:113 | ä½¿ç”¨æŒ‡å®šå€åŸŸ: us-central1
2026-01-14 14:22:43 | [32mINFO[0m | GoogleSTTConfigManager | info:113 | âœ… é…ç½®å®Œæˆ: æ¨¡å‹=latest_long, å€åŸŸ=us-central1, ç«¯é»=us-central1-speech.googleapis.com
2026-01-14 14:42:42 | [32mINFO[0m | GoogleSTTConfigManager | info:113 | ä½¿ç”¨é è¨­é…ç½®
2026-01-14 14:42:42 | [33mWARNING[0m | GoogleSTTConfigManager | warning:117 | æœªçŸ¥æ¨¡å‹ 'telephony', ä½¿ç”¨ chirp_3
2026-01-14 14:42:42 | [32mINFO[0m | GoogleSTTConfigManager | info:113 | ä½¿ç”¨æŒ‡å®šå€åŸŸ: us-central1
2026-01-14 14:42:42 | [32mINFO[0m | GoogleSTTConfigManager | info:113 | âœ… é…ç½®å®Œæˆ: æ¨¡å‹=chirp_3, å€åŸŸ=us-central1, ç«¯é»=us-central1-speech.googleapis.com
2026-01-14 14:56:46 | [32mINFO[0m | GoogleSTTConfigManager | info:113 | ä½¿ç”¨é è¨­é…ç½®
2026-01-14 14:56:46 | [32mINFO[0m | GoogleSTTConfigManager | info:113 | ä½¿ç”¨æŒ‡å®šå€åŸŸ: us-central1
2026-01-14 14:56:46 | [32mINFO[0m | GoogleSTTConfigManager | info:113 | âœ… é…ç½®å®Œæˆ: æ¨¡å‹=telephony, å€åŸŸ=us-central1, ç«¯é»=us-central1-speech.googleapis.com
2026-01-14 15:03:01 | [32mINFO[0m | GoogleSTTConfigManager | info:113 | ä½¿ç”¨é è¨­é…ç½®
2026-01-14 15:03:01 | [32mINFO[0m | GoogleSTTConfigManager | info:113 | ä½¿ç”¨æŒ‡å®šå€åŸŸ: asia-southeast1
2026-01-14 15:03:01 | [32mINFO[0m | GoogleSTTConfigManager | info:113 | âœ… é…ç½®å®Œæˆ: æ¨¡å‹=telephony, å€åŸŸ=asia-southeast1, ç«¯é»=asia-southeast1-speech.googleapis.com
2026-01-15 11:06:21 | [32mINFO[0m | GoogleSTTConfigManager | info:113 | ä½¿ç”¨é è¨­é…ç½®
2026-01-15 11:06:21 | [32mINFO[0m | GoogleSTTConfigManager | info:113 | ä½¿ç”¨æŒ‡å®šå€åŸŸ: asia-southeast1
2026-01-15 11:06:21 | [32mINFO[0m | GoogleSTTConfigManager | info:113 | âœ… é…ç½®å®Œæˆ: æ¨¡å‹=chirp_2, å€åŸŸ=asia-southeast1, ç«¯é»=asia-southeast1-speech.googleapis.com
2026-01-15 16:30:28 | [32mINFO[0m | GoogleSTTConfigManager | info:113 | ä½¿ç”¨é è¨­é…ç½®
2026-01-15 16:30:28 | [32mINFO[0m | GoogleSTTConfigManager | info:113 | ä½¿ç”¨ä¸»è¦å€åŸŸ: us
2026-01-15 16:30:28 | [32mINFO[0m | GoogleSTTConfigManager | info:113 | âœ… é…ç½®å®Œæˆ: æ¨¡å‹=chirp_3, å€åŸŸ=us, ç«¯é»=us-speech.googleapis.com
2026-01-19 21:52:26 | [32mINFO[0m | GoogleSTTConfigManager | info:113 | ä½¿ç”¨é è¨­é…ç½®
2026-01-19 21:52:26 | [32mINFO[0m | GoogleSTTConfigManager | info:113 | ä½¿ç”¨æŒ‡å®šå€åŸŸ: us
2026-01-19 21:52:26 | [32mINFO[0m | GoogleSTTConfigManager | info:113 | âœ… é…ç½®å®Œæˆ: æ¨¡å‹=chirp_3, å€åŸŸ=us, ç«¯é»=us-speech.googleapis.com
